D:\PDF\NEW FOLDER\QUAD COPTER\QUAD COPTER\DEBUG\IMAIN.OBJ
D:\PDF\NEW FOLDER\QUAD COPTER\QUAD COPTER\DEBUG\VC110.PDB
D:\PDF\NEW FOLDER\QUAD COPTER\DEBUG\QUAD COPTER.ILK
D:\PDF\NEW FOLDER\QUAD COPTER\DEBUG\QUAD COPTER.EXE
D:\PDF\NEW FOLDER\QUAD COPTER\DEBUG\QUAD COPTER.PDB
D:\pdf\New folder\quad copter\quad copter\Debug\iMain.obj
D:\pdf\New folder\quad copter\quad copter\Debug\cl.command.1.tlog
D:\pdf\New folder\quad copter\quad copter\Debug\CL.read.1.tlog
D:\pdf\New folder\quad copter\quad copter\Debug\CL.write.1.tlog
D:\pdf\New folder\quad copter\quad copter\Debug\link-cvtres.read.1.tlog
D:\pdf\New folder\quad copter\quad copter\Debug\link-cvtres.write.1.tlog
D:\pdf\New folder\quad copter\quad copter\Debug\link-rc.read.1.tlog
D:\pdf\New folder\quad copter\quad copter\Debug\link-rc.write.1.tlog
D:\pdf\New folder\quad copter\quad copter\Debug\link.command.1.tlog
D:\pdf\New folder\quad copter\quad copter\Debug\link.read.1.tlog
D:\pdf\New folder\quad copter\quad copter\Debug\link.write.1.tlog
D:\pdf\New folder\quad copter\quad copter\Debug\vc110.idb
D:\pdf\New folder\quad copter\quad copter\Debug\vc110.pdb
D:\pdf\New folder\quad copter\Debug\quad copter.pdb
D:\pdf\New folder\quad copter\Debug\quad copter.exe
D:\pdf\New folder\quad copter\Debug\quad copter.ilk
